<?xml version="1.0" encoding="UTF-8"?>
<!-- Generated by org.testng.reporters.JUnitReportReporter -->
<testsuite skipped="0" hostname="DESKTOP-27L8JE7" name="excelDataDriven.DataProviderDemo" tests="2" failures="0" timestamp="2021-08-18T08:18:03 IST" time="0.017" errors="0">
  <testcase name="f" time="0.015" classname="excelDataDriven.DataProviderDemo"/>
  <system-out/>
  <testcase name="f" time="0.002" classname="excelDataDriven.DataProviderDemo"/>
  <system-out/>
</testsuite> <!-- excelDataDriven.DataProviderDemo -->
