<?xml version="1.0" encoding="UTF-8"?>
<!-- Generated by org.testng.reporters.JUnitReportReporter -->
<testsuite skipped="0" hostname="DESKTOP-27L8JE7" name="excelDataDriven.DataManagementwithHashTable" tests="3" failures="0" timestamp="2021-08-19T08:00:06 IST" time="0.030" errors="0">
  <testcase name="f" time="0.005" classname="excelDataDriven.DataManagementwithHashTable"/>
  <system-out/>
  <testcase name="f" time="0.003" classname="excelDataDriven.DataManagementwithHashTable"/>
  <system-out/>
  <testcase name="f" time="0.022" classname="excelDataDriven.DataManagementwithHashTable"/>
  <system-out/>
</testsuite> <!-- excelDataDriven.DataManagementwithHashTable -->
