<?xml version="1.0" encoding="UTF-8"?>
<!-- Generated by org.testng.reporters.JUnitReportReporter -->
<testsuite skipped="1" hostname="DESKTOP-27L8JE7" name="excelDataDriven.DataManagementDynamicDemo" tests="2" failures="0" timestamp="2021-08-19T08:20:48 IST" time="31.754" errors="0">
  <testcase name="f" time="31.752" classname="excelDataDriven.DataManagementDynamicDemo"/>
  <system-out/>
  <testcase name="f" time="0.002" classname="excelDataDriven.DataManagementDynamicDemo">
    <skipped/>
  </testcase> <!-- f -->
  <system-out/>
</testsuite> <!-- excelDataDriven.DataManagementDynamicDemo -->
