<?xml version="1.0" encoding="UTF-8"?>
<!-- Generated by org.testng.reporters.JUnitReportReporter -->
<testsuite skipped="0" hostname="LAPTOP-24NMM1GJ" name="com.project.July7_30AM_Maven_SeleniumBatch.TNG_003" tests="1" failures="0" timestamp="2021-09-26T21:35:55 EDT" time="41.418" errors="0">
  <testcase name="amazon" time="41.418" classname="com.project.July7_30AM_Maven_SeleniumBatch.TNG_003"/>
  <system-out/>
</testsuite> <!-- com.project.July7_30AM_Maven_SeleniumBatch.TNG_003 -->
