<?xml version="1.0" encoding="UTF-8"?>
<!-- Generated by org.testng.reporters.JUnitReportReporter -->
<testsuite skipped="0" hostname="DESKTOP-27L8JE7" name="excelDataDriven.DataManagementwithDataProviders" tests="2" failures="0" timestamp="2021-08-18T08:30:31 IST" time="0.031" errors="0">
  <testcase name="sampleTest" time="0.029" classname="excelDataDriven.DataManagementwithDataProviders"/>
  <system-out/>
  <testcase name="sampleTest" time="0.002" classname="excelDataDriven.DataManagementwithDataProviders"/>
  <system-out/>
</testsuite> <!-- excelDataDriven.DataManagementwithDataProviders -->
