<?xml version="1.0" encoding="UTF-8"?>
<!-- Generated by org.testng.reporters.JUnitReportReporter -->
<testsuite skipped="0" hostname="DESKTOP-27L8JE7" name="com.project.July7_30AM_Maven_SeleniumBatch.CheckBox1" tests="1" failures="0" timestamp="04 Aug 2021 03:10:46 GMT" time="25.646" errors="0">
  <testcase name="checkboxTest" time="25.646" classname="com.project.July7_30AM_Maven_SeleniumBatch.CheckBox1"/>
</testsuite> <!-- com.project.July7_30AM_Maven_SeleniumBatch.CheckBox1 -->
