<?xml version="1.0" encoding="UTF-8"?>
<!-- Generated by org.testng.reporters.JUnitReportReporter -->
<testsuite skipped="2" hostname="DESKTOP-27L8JE7" name="parallelsuites.TestDependency" tests="4" failures="0" timestamp="04 Aug 2021 03:24:23 GMT" time="0.052" errors="0">
  <testcase name="orange" time="0.034" classname="parallelsuites.TestDependency"/>
  <testcase name="white" time="0.008" classname="parallelsuites.TestDependency"/>
  <testcase name="blue" time="0.010" classname="parallelsuites.TestDependency">
    <skipped/>
  </testcase> <!-- blue -->
  <testcase name="green" time="0.000" classname="parallelsuites.TestDependency">
    <skipped/>
  </testcase> <!-- green -->
</testsuite> <!-- parallelsuites.TestDependency -->
