<?xml version="1.0" encoding="UTF-8"?>
<!-- Generated by org.testng.reporters.JUnitReportReporter -->
<testsuite skipped="0" hostname="DESKTOP-27L8JE7" name="assertions.NewTest" tests="2" failures="0" timestamp="2021-08-10T08:58:13 IST" time="0.033" errors="0">
  <testcase name="test2" time="0.017" classname="assertions.NewTest"/>
  <system-out/>
  <testcase name="test1" time="0.016" classname="assertions.NewTest"/>
  <system-out/>
</testsuite> <!-- assertions.NewTest -->
