<?xml version="1.0" encoding="UTF-8"?>
<!-- Generated by org.testng.reporters.JUnitReportReporter -->
<testsuite skipped="0" hostname="DESKTOP-27L8JE7" name="com.project.July7_30AM_Maven_SeleniumBatch.TNG_001" tests="1" failures="0" timestamp="02 Aug 2021 03:26:31 GMT" time="0.019" errors="0">
  <testcase name="f" time="0.019" classname="com.project.July7_30AM_Maven_SeleniumBatch.TNG_001"/>
</testsuite> <!-- com.project.July7_30AM_Maven_SeleniumBatch.TNG_001 -->
