<?xml version="1.0" encoding="UTF-8"?>
<!-- Generated by org.testng.reporters.JUnitReportReporter -->
<testsuite hostname="DESKTOP-JCJ8HOK" failures="0" tests="7" name="switches.MouseOperations" time="16.274" errors="0" timestamp="2021-09-15T08:12:09 IST" skipped="6">
  <testcase classname="switches.MouseOperations" name="autoSuggestion" time="16.274"/>
  <system-out/>
  <testcase classname="switches.MouseOperations" name="rightClickMethod">
    <skipped/>
  </testcase> <!-- rightClickMethod -->
  <system-out/>
  <testcase classname="switches.MouseOperations" name="dragAnddrop">
    <skipped/>
  </testcase> <!-- dragAnddrop -->
  <system-out/>
  <testcase classname="switches.MouseOperations" name="resizeMethod">
    <skipped/>
  </testcase> <!-- resizeMethod -->
  <system-out/>
  <testcase classname="switches.MouseOperations" name="MoveToelement">
    <skipped/>
  </testcase> <!-- MoveToelement -->
  <system-out/>
  <testcase classname="switches.MouseOperations" name="slider">
    <skipped/>
  </testcase> <!-- slider -->
  <system-out/>
  <testcase classname="switches.MouseOperations" name="Browserslider">
    <skipped/>
  </testcase> <!-- Browserslider -->
  <system-out/>
</testsuite> <!-- switches.MouseOperations -->
