<?xml version="1.0" encoding="UTF-8"?>
<!-- Generated by org.testng.reporters.JUnitReportReporter -->
<testsuite hostname="DESKTOP-JCJ8HOK" failures="0" tests="1" name="switches.AlertHandling" time="17.224" errors="0" timestamp="2021-09-14T07:48:10 IST" skipped="0">
  <testcase classname="switches.AlertHandling" name="f" time="17.224"/>
  <system-out/>
</testsuite> <!-- switches.AlertHandling -->
