<?xml version="1.0" encoding="UTF-8"?>
<!-- Generated by org.testng.reporters.JUnitReportReporter -->
<testsuite skipped="0" hostname="DESKTOP-27L8JE7" name="assertions.NewTest1" tests="1" failures="0" timestamp="2021-08-10T08:58:13 IST" time="0.004" errors="0">
  <testcase name="test3" time="0.004" classname="assertions.NewTest1"/>
  <system-out/>
</testsuite> <!-- assertions.NewTest1 -->
