<?xml version="1.0" encoding="UTF-8"?>
<!-- Generated by org.testng.reporters.JUnitReportReporter -->
<testsuite hostname="DESKTOP-JCJ8HOK" failures="0" tests="1" name="switches.FileUpload" time="17.586" errors="0" timestamp="2021-09-14T08:17:29 IST" skipped="0">
  <testcase classname="switches.FileUpload" name="fileupload" time="17.586"/>
  <system-out/>
</testsuite> <!-- switches.FileUpload -->
