<?xml version="1.0" encoding="UTF-8"?>
<!-- Generated by org.testng.reporters.JUnitReportReporter -->
<testsuite skipped="0" hostname="DESKTOP-27L8JE7" name="parallelsuites.TestNgTestMethodsParallel" tests="3" failures="0" timestamp="04 Aug 2021 02:46:07 GMT" time="0.117" errors="0">
  <testcase name="test1" time="0.056" classname="parallelsuites.TestNgTestMethodsParallel"/>
  <testcase name="test2" time="0.056" classname="parallelsuites.TestNgTestMethodsParallel"/>
  <testcase name="test3" time="0.005" classname="parallelsuites.TestNgTestMethodsParallel"/>
</testsuite> <!-- parallelsuites.TestNgTestMethodsParallel -->
