<?xml version="1.0" encoding="UTF-8"?>
<!-- Generated by org.testng.reporters.JUnitReportReporter -->
<testsuite skipped="0" hostname="DESKTOP-27L8JE7" name="suiteA.TestA1" tests="1" failures="0" timestamp="04 Aug 2021 02:38:42 GMT" time="4.003" errors="0">
  <testcase name="f" time="4.003" classname="suiteA.TestA1"/>
</testsuite> <!-- suiteA.TestA1 -->
