<?xml version="1.0" encoding="UTF-8"?>
<!-- Generated by org.testng.reporters.JUnitReportReporter -->
<testsuite skipped="0" hostname="DESKTOP-27L8JE7" name="pageObjectModel.POM_001" tests="1" failures="0" timestamp="2021-08-24T08:14:56 IST" time="7.492" errors="0">
  <testcase name="login" time="7.492" classname="pageObjectModel.POM_001"/>
  <system-out/>
</testsuite> <!-- pageObjectModel.POM_001 -->
